# JRE version: Java(TM) SE Runtime Environment (8.0_101-b13) (build 1.8.0_101-b13)
# Java VM: Java HotSpot(TM) 64-Bit Server VM (25.101-b13 mixed mode windows-amd64 compressed oops)
Heap:
 PSYoungGen      total 477184K, used 216543K [0x000000076b980000, 0x000000078a800000, 0x00000007c0000000)
  eden space 471552K, 45% used [0x000000076b980000,0x0000000778cf7f98,0x0000000788600000)
  from space 5632K, 0% used [0x0000000788600000,0x0000000788600000,0x0000000788b80000)
  to   space 17408K, 0% used [0x0000000789700000,0x0000000789700000,0x000000078a800000)
 ParOldGen       total 206336K, used 23761K [0x00000006c2c00000, 0x00000006cf580000, 0x000000076b980000)
  object space 206336K, 11% used [0x00000006c2c00000,0x00000006c43347b8,0x00000006cf580000)
 Metaspace       used 65257K, capacity 67944K, committed 68244K, reserved 1107968K
  class space    used 8561K, capacity 9040K, committed 9108K, reserved 1048576K
GC Heap History (10 events):
Event: 71.891 GC heap before
{Heap before GC invocations=15 (full 4):
 PSYoungGen      total 379392K, used 6945K [0x000000076b980000, 0x000000078a900000, 0x00000007c0000000)
  eden space 360960K, 0% used [0x000000076b980000,0x000000076b980000,0x0000000781a00000)
  from space 18432K, 37% used [0x0000000781a00000,0x00000007820c84b8,0x0000000782c00000)
  to   space 17920K, 0% used [0x0000000789780000,0x0000000789780000,0x000000078a900000)
 ParOldGen       total 206336K, used 23681K [0x00000006c2c00000, 0x00000006cf580000, 0x000000076b980000)
  object space 206336K, 11% used [0x00000006c2c00000,0x00000006c4320600,0x00000006cf580000)
 Metaspace       used 62951K, capacity 65224K, committed 65428K, reserved 1105920K
  class space    used 8439K, capacity 8836K, committed 8852K, reserved 1048576K
Event: 72.125 GC heap after
Heap after GC invocations=15 (full 4):
 PSYoungGen      total 379392K, used 0K [0x000000076b980000, 0x000000078a900000, 0x00000007c0000000)
  eden space 360960K, 0% used [0x000000076b980000,0x000000076b980000,0x0000000781a00000)
  from space 18432K, 0% used [0x0000000781a00000,0x0000000781a00000,0x0000000782c00000)
  to   space 17920K, 0% used [0x0000000789780000,0x0000000789780000,0x000000078a900000)
 ParOldGen       total 206336K, used 26501K [0x00000006c2c00000, 0x00000006cf580000, 0x000000076b980000)
  object space 206336K, 12% used [0x00000006c2c00000,0x00000006c45e14b0,0x00000006cf580000)
 Metaspace       used 62951K, capacity 65224K, committed 65428K, reserved 1105920K
  class space    used 8439K, capacity 8836K, committed 8852K, reserved 1048576K
}
Event: 78.820 GC heap before
{Heap before GC invocations=16 (full 4):
 PSYoungGen      total 379392K, used 223093K [0x000000076b980000, 0x000000078a900000, 0x00000007c0000000)
  eden space 360960K, 61% used [0x000000076b980000,0x000000077935d598,0x0000000781a00000)
  from space 18432K, 0% used [0x0000000781a00000,0x0000000781a00000,0x0000000782c00000)
  to   space 17920K, 0% used [0x0000000789780000,0x0000000789780000,0x000000078a900000)
 ParOldGen       total 206336K, used 26501K [0x00000006c2c00000, 0x00000006cf580000, 0x000000076b980000)
  object space 206336K, 12% used [0x00000006c2c00000,0x00000006c45e14b0,0x00000006cf580000)
 Metaspace       used 63899K, capacity 66318K, committed 66580K, reserved 1107968K
  class space    used 8482K, capacity 8908K, committed 8980K, reserved 1048576K
Event: 78.831 GC heap after
Heap after GC invocations=16 (full 4):
 PSYoungGen      total 489472K, used 5709K [0x000000076b980000, 0x000000078a900000, 0x00000007c0000000)
  eden space 471552K, 0% used [0x000000076b980000,0x000000076b980000,0x0000000788600000)
  from space 17920K, 31% used [0x0000000789780000,0x0000000789d136c8,0x000000078a900000)
  to   space 17920K, 0% used [0x0000000788600000,0x0000000788600000,0x0000000789780000)
 ParOldGen       total 206336K, used 26509K [0x00000006c2c00000, 0x00000006cf580000, 0x000000076b980000)
  object space 206336K, 12% used [0x00000006c2c00000,0x00000006c45e34b0,0x00000006cf580000)
 Metaspace       used 63899K, capacity 66318K, committed 66580K, reserved 1107968K
  class space    used 8482K, capacity 8908K, committed 8980K, reserved 1048576K
}
Event: 78.831 GC heap before
{Heap before GC invocations=17 (full 5):
 PSYoungGen      total 489472K, used 5709K [0x000000076b980000, 0x000000078a900000, 0x00000007c0000000)
  eden space 471552K, 0% used [0x000000076b980000,0x000000076b980000,0x0000000788600000)
  from space 17920K, 31% used [0x0000000789780000,0x0000000789d136c8,0x000000078a900000)
  to   space 17920K, 0% used [0x0000000788600000,0x0000000788600000,0x0000000789780000)
 ParOldGen       total 206336K, used 26509K [0x00000006c2c00000, 0x00000006cf580000, 0x000000076b980000)
  object space 206336K, 12% used [0x00000006c2c00000,0x00000006c45e34b0,0x00000006cf580000)
 Metaspace       used 63899K, capacity 66318K, committed 66580K, reserved 1107968K
  class space    used 8482K, capacity 8908K, committed 8980K, reserved 1048576K
Event: 79.013 GC heap after
Heap after GC invocations=17 (full 5):
 PSYoungGen      total 489472K, used 0K [0x000000076b980000, 0x000000078a900000, 0x00000007c0000000)
  eden space 471552K, 0% used [0x000000076b980000,0x000000076b980000,0x0000000788600000)
  from space 17920K, 0% used [0x0000000789780000,0x0000000789780000,0x000000078a900000)
  to   space 17920K, 0% used [0x0000000788600000,0x0000000788600000,0x0000000789780000)
 ParOldGen       total 206336K, used 23535K [0x00000006c2c00000, 0x00000006cf580000, 0x000000076b980000)
  object space 206336K, 11% used [0x00000006c2c00000,0x00000006c42fbe18,0x00000006cf580000)
 Metaspace       used 63885K, capacity 66294K, committed 66580K, reserved 1107968K
  class space    used 8479K, capacity 8903K, committed 8980K, reserved 1048576K
}
Event: 130.241 GC heap before
{Heap before GC invocations=18 (full 5):
 PSYoungGen      total 489472K, used 225955K [0x000000076b980000, 0x000000078a900000, 0x00000007c0000000)
  eden space 471552K, 47% used [0x000000076b980000,0x0000000779628f20,0x0000000788600000)
  from space 17920K, 0% used [0x0000000789780000,0x0000000789780000,0x000000078a900000)
  to   space 17920K, 0% used [0x0000000788600000,0x0000000788600000,0x0000000789780000)
 ParOldGen       total 206336K, used 23535K [0x00000006c2c00000, 0x00000006cf580000, 0x000000076b980000)
  object space 206336K, 11% used [0x00000006c2c00000,0x00000006c42fbe18,0x00000006cf580000)
 Metaspace       used 64636K, capacity 67224K, committed 67348K, reserved 1107968K
  class space    used 8518K, capacity 8969K, committed 8980K, reserved 1048576K
Event: 130.251 GC heap after
Heap after GC invocations=18 (full 5):
 PSYoungGen      total 477184K, used 5628K [0x000000076b980000, 0x000000078a800000, 0x00000007c0000000)
  eden space 471552K, 0% used [0x000000076b980000,0x000000076b980000,0x0000000788600000)
  from space 5632K, 99% used [0x0000000788600000,0x0000000788b7f228,0x0000000788b80000)
  to   space 17408K, 0% used [0x0000000789700000,0x0000000789700000,0x000000078a800000)
 ParOldGen       total 206336K, used 23543K [0x00000006c2c00000, 0x00000006cf580000, 0x000000076b980000)
  object space 206336K, 11% used [0x00000006c2c00000,0x00000006c42fde18,0x00000006cf580000)
 Metaspace       used 64636K, capacity 67224K, committed 67348K, reserved 1107968K
  class space    used 8518K, capacity 8969K, committed 8980K, reserved 1048576K
}
Event: 130.251 GC heap before
{Heap before GC invocations=19 (full 6):
 PSYoungGen      total 477184K, used 5628K [0x000000076b980000, 0x000000078a800000, 0x00000007c0000000)
  eden space 471552K, 0% used [0x000000076b980000,0x000000076b980000,0x0000000788600000)
  from space 5632K, 99% used [0x0000000788600000,0x0000000788b7f228,0x0000000788b80000)
  to   space 17408K, 0% used [0x0000000789700000,0x0000000789700000,0x000000078a800000)
 ParOldGen       total 206336K, used 23543K [0x00000006c2c00000, 0x00000006cf580000, 0x000000076b980000)
  object space 206336K, 11% used [0x00000006c2c00000,0x00000006c42fde18,0x00000006cf580000)
 Metaspace       used 64636K, capacity 67224K, committed 67348K, reserved 1107968K
  class space    used 8518K, capacity 8969K, committed 8980K, reserved 1048576K
Event: 130.461 GC heap after
Heap after GC invocations=19 (full 6):
 PSYoungGen      total 477184K, used 0K [0x000000076b980000, 0x000000078a800000, 0x00000007c0000000)
  eden space 471552K, 0% used [0x000000076b980000,0x000000076b980000,0x0000000788600000)
  from space 5632K, 0% used [0x0000000788600000,0x0000000788600000,0x0000000788b80000)
  to   space 17408K, 0% used [0x0000000789700000,0x0000000789700000,0x000000078a800000)
 ParOldGen       total 206336K, used 23761K [0x00000006c2c00000, 0x00000006cf580000, 0x000000076b980000)
  object space 206336K, 11% used [0x00000006c2c00000,0x00000006c43347b8,0x00000006cf580000)
 Metaspace       used 64622K, capacity 67200K, committed 67348K, reserved 1107968K
  class space    used 8516K, capacity 8964K, committed 8980K, reserved 1048576K
}

