# JRE version: Java(TM) SE Runtime Environment (8.0_101-b13) (build 1.8.0_101-b13)
# Java VM: Java HotSpot(TM) 64-Bit Server VM (25.101-b13 mixed mode windows-amd64 compressed oops)
Heap:
 PSYoungGen      total 350720K, used 211834K [0x000000076b980000, 0x0000000787800000, 0x00000007c0000000)
  eden space 332800K, 63% used [0x000000076b980000,0x000000077885e958,0x000000077fe80000)
  from space 17920K, 0% used [0x000000077fe80000,0x000000077fe80000,0x0000000781000000)
  to   space 17920K, 0% used [0x0000000786680000,0x0000000786680000,0x0000000787800000)
 ParOldGen       total 228864K, used 26452K [0x00000006c2c00000, 0x00000006d0b80000, 0x000000076b980000)
  object space 228864K, 11% used [0x00000006c2c00000,0x00000006c45d53e0,0x00000006d0b80000)
 Metaspace       used 63884K, capacity 66244K, committed 66324K, reserved 1105920K
  class space    used 8487K, capacity 8906K, committed 8980K, reserved 1048576K
GC Heap History (10 events):
Event: 12.173 GC heap before
{Heap before GC invocations=11 (full 2):
 PSYoungGen      total 281600K, used 281301K [0x000000076b980000, 0x000000077e080000, 0x00000007c0000000)
  eden space 269824K, 100% used [0x000000076b980000,0x000000077c100000,0x000000077c100000)
  from space 11776K, 97% used [0x000000077d500000,0x000000077e0356b0,0x000000077e080000)
  to   space 13824K, 0% used [0x000000077c580000,0x000000077c580000,0x000000077d300000)
 ParOldGen       total 166912K, used 14963K [0x00000006c2c00000, 0x00000006ccf00000, 0x000000076b980000)
  object space 166912K, 8% used [0x00000006c2c00000,0x00000006c3a9cca0,0x00000006ccf00000)
 Metaspace       used 55532K, capacity 57516K, committed 57600K, reserved 1099776K
  class space    used 7495K, capacity 7881K, committed 7936K, reserved 1048576K
Event: 12.198 GC heap after
Heap after GC invocations=11 (full 2):
 PSYoungGen      total 288256K, used 13800K [0x000000076b980000, 0x0000000782180000, 0x00000007c0000000)
  eden space 274432K, 0% used [0x000000076b980000,0x000000076b980000,0x000000077c580000)
  from space 13824K, 99% used [0x000000077c580000,0x000000077d2fa080,0x000000077d300000)
  to   space 17920K, 0% used [0x0000000781000000,0x0000000781000000,0x0000000782180000)
 ParOldGen       total 166912K, used 20869K [0x00000006c2c00000, 0x00000006ccf00000, 0x000000076b980000)
  object space 166912K, 12% used [0x00000006c2c00000,0x00000006c4061518,0x00000006ccf00000)
 Metaspace       used 55532K, capacity 57516K, committed 57600K, reserved 1099776K
  class space    used 7495K, capacity 7881K, committed 7936K, reserved 1048576K
}
Event: 12.631 GC heap before
{Heap before GC invocations=12 (full 2):
 PSYoungGen      total 288256K, used 70149K [0x000000076b980000, 0x0000000782180000, 0x00000007c0000000)
  eden space 274432K, 20% used [0x000000076b980000,0x000000076f087410,0x000000077c580000)
  from space 13824K, 99% used [0x000000077c580000,0x000000077d2fa080,0x000000077d300000)
  to   space 17920K, 0% used [0x0000000781000000,0x0000000781000000,0x0000000782180000)
 ParOldGen       total 166912K, used 20869K [0x00000006c2c00000, 0x00000006ccf00000, 0x000000076b980000)
  object space 166912K, 12% used [0x00000006c2c00000,0x00000006c4061518,0x00000006ccf00000)
 Metaspace       used 56936K, capacity 58962K, committed 59028K, reserved 1099776K
  class space    used 7701K, capacity 8066K, committed 8084K, reserved 1048576K
Event: 12.650 GC heap after
Heap after GC invocations=12 (full 2):
 PSYoungGen      total 350720K, used 12202K [0x000000076b980000, 0x0000000783a80000, 0x00000007c0000000)
  eden space 332800K, 0% used [0x000000076b980000,0x000000076b980000,0x000000077fe80000)
  from space 17920K, 68% used [0x0000000781000000,0x0000000781bea9f8,0x0000000782180000)
  to   space 17920K, 0% used [0x000000077fe80000,0x000000077fe80000,0x0000000781000000)
 ParOldGen       total 166912K, used 20877K [0x00000006c2c00000, 0x00000006ccf00000, 0x000000076b980000)
  object space 166912K, 12% used [0x00000006c2c00000,0x00000006c4063518,0x00000006ccf00000)
 Metaspace       used 56936K, capacity 58962K, committed 59028K, reserved 1099776K
  class space    used 7701K, capacity 8066K, committed 8084K, reserved 1048576K
}
Event: 12.650 GC heap before
{Heap before GC invocations=13 (full 3):
 PSYoungGen      total 350720K, used 12202K [0x000000076b980000, 0x0000000783a80000, 0x00000007c0000000)
  eden space 332800K, 0% used [0x000000076b980000,0x000000076b980000,0x000000077fe80000)
  from space 17920K, 68% used [0x0000000781000000,0x0000000781bea9f8,0x0000000782180000)
  to   space 17920K, 0% used [0x000000077fe80000,0x000000077fe80000,0x0000000781000000)
 ParOldGen       total 166912K, used 20877K [0x00000006c2c00000, 0x00000006ccf00000, 0x000000076b980000)
  object space 166912K, 12% used [0x00000006c2c00000,0x00000006c4063518,0x00000006ccf00000)
 Metaspace       used 56936K, capacity 58962K, committed 59028K, reserved 1099776K
  class space    used 7701K, capacity 8066K, committed 8084K, reserved 1048576K
Event: 12.855 GC heap after
Heap after GC invocations=13 (full 3):
 PSYoungGen      total 350720K, used 0K [0x000000076b980000, 0x0000000783a80000, 0x00000007c0000000)
  eden space 332800K, 0% used [0x000000076b980000,0x000000076b980000,0x000000077fe80000)
  from space 17920K, 0% used [0x0000000781000000,0x0000000781000000,0x0000000782180000)
  to   space 17920K, 0% used [0x000000077fe80000,0x000000077fe80000,0x0000000781000000)
 ParOldGen       total 228864K, used 24130K [0x00000006c2c00000, 0x00000006d0b80000, 0x000000076b980000)
  object space 228864K, 10% used [0x00000006c2c00000,0x00000006c4390b28,0x00000006d0b80000)
 Metaspace       used 56925K, capacity 58944K, committed 59028K, reserved 1099776K
  class space    used 7700K, capacity 8063K, committed 8084K, reserved 1048576K
}
Event: 331.887 GC heap before
{Heap before GC invocations=14 (full 3):
 PSYoungGen      total 350720K, used 176477K [0x000000076b980000, 0x0000000783a80000, 0x00000007c0000000)
  eden space 332800K, 53% used [0x000000076b980000,0x00000007765d7578,0x000000077fe80000)
  from space 17920K, 0% used [0x0000000781000000,0x0000000781000000,0x0000000782180000)
  to   space 17920K, 0% used [0x000000077fe80000,0x000000077fe80000,0x0000000781000000)
 ParOldGen       total 228864K, used 24130K [0x00000006c2c00000, 0x00000006d0b80000, 0x000000076b980000)
  object space 228864K, 10% used [0x00000006c2c00000,0x00000006c4390b28,0x00000006d0b80000)
 Metaspace       used 63009K, capacity 65284K, committed 65428K, reserved 1105920K
  class space    used 8445K, capacity 8836K, committed 8852K, reserved 1048576K
Event: 331.898 GC heap after
Heap after GC invocations=14 (full 3):
 PSYoungGen      total 350720K, used 6912K [0x000000076b980000, 0x0000000787800000, 0x00000007c0000000)
  eden space 332800K, 0% used [0x000000076b980000,0x000000076b980000,0x000000077fe80000)
  from space 17920K, 38% used [0x000000077fe80000,0x0000000780540010,0x0000000781000000)
  to   space 17920K, 0% used [0x0000000786680000,0x0000000786680000,0x0000000787800000)
 ParOldGen       total 228864K, used 24138K [0x00000006c2c00000, 0x00000006d0b80000, 0x000000076b980000)
  object space 228864K, 10% used [0x00000006c2c00000,0x00000006c4392b28,0x00000006d0b80000)
 Metaspace       used 63009K, capacity 65284K, committed 65428K, reserved 1105920K
  class space    used 8445K, capacity 8836K, committed 8852K, reserved 1048576K
}
Event: 331.898 GC heap before
{Heap before GC invocations=15 (full 4):
 PSYoungGen      total 350720K, used 6912K [0x000000076b980000, 0x0000000787800000, 0x00000007c0000000)
  eden space 332800K, 0% used [0x000000076b980000,0x000000076b980000,0x000000077fe80000)
  from space 17920K, 38% used [0x000000077fe80000,0x0000000780540010,0x0000000781000000)
  to   space 17920K, 0% used [0x0000000786680000,0x0000000786680000,0x0000000787800000)
 ParOldGen       total 228864K, used 24138K [0x00000006c2c00000, 0x00000006d0b80000, 0x000000076b980000)
  object space 228864K, 10% used [0x00000006c2c00000,0x00000006c4392b28,0x00000006d0b80000)
 Metaspace       used 63009K, capacity 65284K, committed 65428K, reserved 1105920K
  class space    used 8445K, capacity 8836K, committed 8852K, reserved 1048576K
Event: 332.356 GC heap after
Heap after GC invocations=15 (full 4):
 PSYoungGen      total 350720K, used 0K [0x000000076b980000, 0x0000000787800000, 0x00000007c0000000)
  eden space 332800K, 0% used [0x000000076b980000,0x000000076b980000,0x000000077fe80000)
  from space 17920K, 0% used [0x000000077fe80000,0x000000077fe80000,0x0000000781000000)
  to   space 17920K, 0% used [0x0000000786680000,0x0000000786680000,0x0000000787800000)
 ParOldGen       total 228864K, used 26452K [0x00000006c2c00000, 0x00000006d0b80000, 0x000000076b980000)
  object space 228864K, 11% used [0x00000006c2c00000,0x00000006c45d53e0,0x00000006d0b80000)
 Metaspace       used 63009K, capacity 65284K, committed 65428K, reserved 1105920K
  class space    used 8445K, capacity 8836K, committed 8852K, reserved 1048576K
}

